<?xml version="1.0" encoding="UTF-8"?>
<!-- Generated by org.testng.reporters.JUnitReportReporter -->
<testsuite hostname="DESKTOP-59SE96V" failures="0" tests="5" name="testCase.ManageOrdersTest" time="26.398" errors="0" timestamp="2023-11-07T07:02:00 IST" skipped="4">
  <testcase classname="testCase.ManageOrdersTest" name="verifyUpdateDelhiveryBoy" time="26.398"/>
  <testcase classname="testCase.ManageOrdersTest" name="verifyUpdateDelhiveryDate">
    <skipped/>
  </testcase> <!-- verifyUpdateDelhiveryDate -->
  <testcase classname="testCase.ManageOrdersTest" name="verifyListOrders">
    <skipped/>
  </testcase> <!-- verifyListOrders -->
  <testcase classname="testCase.ManageOrdersTest" name="verifySearchOrder">
    <skipped/>
  </testcase> <!-- verifySearchOrder -->
  <testcase classname="testCase.ManageOrdersTest" name="verifyDeleteOrder">
    <skipped/>
  </testcase> <!-- verifyDeleteOrder -->
</testsuite> <!-- testCase.ManageOrdersTest -->
