<?xml version="1.0" encoding="UTF-8"?>
<!-- Generated by org.testng.reporters.JUnitReportReporter -->
<testsuite hostname="DESKTOP-59SE96V" failures="0" tests="2" name="testCase.ManageContentTest" time="165.128" errors="0" timestamp="2023-11-07T10:12:09 IST" skipped="1">
  <testcase classname="testCase.ManageContentTest" name="verifyInvalidImageUpload" time="165.128"/>
  <testcase classname="testCase.ManageContentTest" name="verifyAddPage">
    <skipped/>
  </testcase> <!-- verifyAddPage -->
</testsuite> <!-- testCase.ManageContentTest -->
