<?xml version="1.0" encoding="UTF-8"?>
<!-- Generated by org.testng.reporters.JUnitReportReporter -->
<testsuite hostname="DESKTOP-59SE96V" failures="0" tests="2" name="testCase.AdminUsersTest" time="63.394" errors="0" timestamp="2023-11-13T10:11:17 IST" skipped="0">
  <testcase classname="testCase.AdminUsersTest" name="verifyAdminUsers" time="16.045"/>
  <testcase classname="testCase.AdminUsersTest" name="verifyAdminUsers" time="47.349"/>
</testsuite> <!-- testCase.AdminUsersTest -->
