<?xml version="1.0" encoding="UTF-8"?>
<!-- Generated by org.testng.reporters.JUnitReportReporter -->
<testsuite hostname="DESKTOP-59SE96V" failures="0" tests="2" name="testCase.ManageProductsTest" time="13.198" errors="0" timestamp="2023-11-05T22:00:22 IST" skipped="1">
  <testcase classname="testCase.ManageProductsTest" name="verifyStockUpdate" time="13.198"/>
  <testcase classname="testCase.ManageProductsTest" name="verifyMangePdtPage">
    <skipped/>
  </testcase> <!-- verifyMangePdtPage -->
</testsuite> <!-- testCase.ManageProductsTest -->
