<?xml version="1.0" encoding="UTF-8"?>
<!-- Generated by org.testng.reporters.JUnitReportReporter -->
<testsuite hostname="DESKTOP-59SE96V" failures="0" tests="2" name="testCase.ManageDelhiveryBoyTest" time="80.905" errors="0" timestamp="2023-11-10T12:26:50 IST" skipped="0">
  <testcase classname="testCase.ManageDelhiveryBoyTest" name="verifyAddDboy" time="51.705"/>
  <testcase classname="testCase.ManageDelhiveryBoyTest" name="verifyEditDboy" time="29.200"/>
</testsuite> <!-- testCase.ManageDelhiveryBoyTest -->
