<?xml version="1.0" encoding="UTF-8"?>
<!-- Generated by org.testng.reporters.JUnitReportReporter -->
<testsuite hostname="DESKTOP-59SE96V" failures="0" tests="3" name="testCase.ManageExpenseTest" time="18.043" errors="0" timestamp="2023-11-12T14:14:29 IST" skipped="2">
  <testcase classname="testCase.ManageExpenseTest" name="verifyExpenseCategory" time="18.043"/>
  <testcase classname="testCase.ManageExpenseTest" name="verifyAddListExpense">
    <skipped/>
  </testcase> <!-- verifyAddListExpense -->
  <testcase classname="testCase.ManageExpenseTest" name="verifyManageExpense">
    <skipped/>
  </testcase> <!-- verifyManageExpense -->
</testsuite> <!-- testCase.ManageExpenseTest -->
