<?xml version="1.0" encoding="UTF-8"?>
<!-- Generated by org.testng.reporters.JUnitReportReporter -->
<testsuite hostname="DESKTOP-59SE96V" failures="0" tests="7" name="testCase.LoginPageTest" time="49.205" errors="0" timestamp="2023-11-09T11:49:53 IST" skipped="1">
  <testcase classname="testCase.LoginPageTest" name="verifyBlankUsrnameError" time="8.790"/>
  <testcase classname="testCase.LoginPageTest" name="verifyBlankUsrnameError" time="7.220"/>
  <testcase classname="testCase.LoginPageTest" name="verifyLogin" time="5.511"/>
  <testcase classname="testCase.LoginPageTest" name="verifyLoginError" time="13.078"/>
  <testcase classname="testCase.LoginPageTest" name="verifyLoginError" time="8.865"/>
  <testcase classname="testCase.LoginPageTest" name="verifyBlankPwdError" time="5.741"/>
  <testcase classname="testCase.LoginPageTest" name="verifyExcelLogin">
    <skipped/>
  </testcase> <!-- verifyExcelLogin -->
</testsuite> <!-- testCase.LoginPageTest -->
