<?xml version="1.0" encoding="UTF-8"?>
<!-- Generated by org.testng.reporters.JUnitReportReporter -->
<testsuite hostname="DESKTOP-59SE96V" failures="0" tests="1" name="testCase.ManageLocationTest" time="30.283" errors="0" timestamp="2023-11-12T14:18:32 IST" skipped="0">
  <testcase classname="testCase.ManageLocationTest" name="verifyCancelEdit" time="30.283"/>
</testsuite> <!-- testCase.ManageLocationTest -->
